# JRE version: Java(TM) SE Runtime Environment (8.0_201-b09) (build 1.8.0_201-b09)
# Java VM: Java HotSpot(TM) 64-Bit Server VM (25.201-b09 mixed mode linux-amd64 compressed oops)
Heap:
 PSYoungGen      total 535040K, used 928K [0x000000076d300000, 0x000000078eb00000, 0x00000007c0000000)
  eden space 521216K, 0% used [0x000000076d300000,0x000000076d300000,0x000000078d000000)
  from space 13824K, 6% used [0x000000078d000000,0x000000078d0e8000,0x000000078dd80000)
  to   space 12800K, 0% used [0x000000078de80000,0x000000078de80000,0x000000078eb00000)
 ParOldGen       total 101888K, used 20260K [0x00000006c7800000, 0x00000006cdb80000, 0x000000076d300000)
  object space 101888K, 19% used [0x00000006c7800000,0x00000006c8bc92c8,0x00000006cdb80000)
 Metaspace       used 25014K, capacity 27136K, committed 27264K, reserved 1073152K
  class space    used 2267K, capacity 2866K, committed 2944K, reserved 1048576K
GC Heap History (10 events):
Event: 4.394 GC heap after
Heap after GC invocations=7 (full 1):
 PSYoungGen      total 267264K, used 0K [0x000000076d300000, 0x000000077e900000, 0x00000007c0000000)
  eden space 256000K, 0% used [0x000000076d300000,0x000000076d300000,0x000000077cd00000)
  from space 11264K, 0% used [0x000000077da00000,0x000000077da00000,0x000000077e500000)
  to   space 13312K, 0% used [0x000000077cd00000,0x000000077cd00000,0x000000077da00000)
 ParOldGen       total 101888K, used 9838K [0x00000006c7800000, 0x00000006cdb80000, 0x000000076d300000)
  object space 101888K, 9% used [0x00000006c7800000,0x00000006c819ba78,0x00000006cdb80000)
 Metaspace       used 18587K, capacity 20004K, committed 21248K, reserved 1069056K
  class space    used 1741K, capacity 2160K, committed 2304K, reserved 1048576K
}
Event: 6.413 GC heap before
{Heap before GC invocations=8 (full 1):
 PSYoungGen      total 267264K, used 256000K [0x000000076d300000, 0x000000077e900000, 0x00000007c0000000)
  eden space 256000K, 100% used [0x000000076d300000,0x000000077cd00000,0x000000077cd00000)
  from space 11264K, 0% used [0x000000077da00000,0x000000077da00000,0x000000077e500000)
  to   space 13312K, 0% used [0x000000077cd00000,0x000000077cd00000,0x000000077da00000)
 ParOldGen       total 101888K, used 9838K [0x00000006c7800000, 0x00000006cdb80000, 0x000000076d300000)
  object space 101888K, 9% used [0x00000006c7800000,0x00000006c819ba78,0x00000006cdb80000)
 Metaspace       used 23515K, capacity 25416K, committed 25600K, reserved 1073152K
  class space    used 2145K, capacity 2702K, committed 2816K, reserved 1048576K
Event: 6.425 GC heap after
Heap after GC invocations=8 (full 1):
 PSYoungGen      total 269312K, used 5760K [0x000000076d300000, 0x0000000787080000, 0x00000007c0000000)
  eden space 256000K, 0% used [0x000000076d300000,0x000000076d300000,0x000000077cd00000)
  from space 13312K, 43% used [0x000000077cd00000,0x000000077d2a0110,0x000000077da00000)
  to   space 12800K, 0% used [0x0000000786400000,0x0000000786400000,0x0000000787080000)
 ParOldGen       total 101888K, used 9846K [0x00000006c7800000, 0x00000006cdb80000, 0x000000076d300000)
  object space 101888K, 9% used [0x00000006c7800000,0x00000006c819da78,0x00000006cdb80000)
 Metaspace       used 23515K, capacity 25416K, committed 25600K, reserved 1073152K
  class space    used 2145K, capacity 2702K, committed 2816K, reserved 1048576K
}
Event: 7.245 GC heap before
{Heap before GC invocations=9 (full 1):
 PSYoungGen      total 269312K, used 261760K [0x000000076d300000, 0x0000000787080000, 0x00000007c0000000)
  eden space 256000K, 100% used [0x000000076d300000,0x000000077cd00000,0x000000077cd00000)
  from space 13312K, 43% used [0x000000077cd00000,0x000000077d2a0110,0x000000077da00000)
  to   space 12800K, 0% used [0x0000000786400000,0x0000000786400000,0x0000000787080000)
 ParOldGen       total 101888K, used 9846K [0x00000006c7800000, 0x00000006cdb80000, 0x000000076d300000)
  object space 101888K, 9% used [0x00000006c7800000,0x00000006c819da78,0x00000006cdb80000)
 Metaspace       used 24969K, capacity 27072K, committed 27264K, reserved 1073152K
  class space    used 2267K, capacity 2866K, committed 2944K, reserved 1048576K
Event: 7.253 GC heap after
Heap after GC invocations=9 (full 1):
 PSYoungGen      total 406528K, used 9136K [0x000000076d300000, 0x0000000786f00000, 0x00000007c0000000)
  eden space 395264K, 0% used [0x000000076d300000,0x000000076d300000,0x0000000785500000)
  from space 11264K, 81% used [0x0000000786400000,0x0000000786cec100,0x0000000786f00000)
  to   space 13312K, 0% used [0x0000000785500000,0x0000000785500000,0x0000000786200000)
 ParOldGen       total 101888K, used 9854K [0x00000006c7800000, 0x00000006cdb80000, 0x000000076d300000)
  object space 101888K, 9% used [0x00000006c7800000,0x00000006c819fa78,0x00000006cdb80000)
 Metaspace       used 24969K, capacity 27072K, committed 27264K, reserved 1073152K
  class space    used 2267K, capacity 2866K, committed 2944K, reserved 1048576K
}
Event: 8.006 GC heap before
{Heap before GC invocations=10 (full 1):
 PSYoungGen      total 406528K, used 404400K [0x000000076d300000, 0x0000000786f00000, 0x00000007c0000000)
  eden space 395264K, 100% used [0x000000076d300000,0x0000000785500000,0x0000000785500000)
  from space 11264K, 81% used [0x0000000786400000,0x0000000786cec100,0x0000000786f00000)
  to   space 13312K, 0% used [0x0000000785500000,0x0000000785500000,0x0000000786200000)
 ParOldGen       total 101888K, used 9854K [0x00000006c7800000, 0x00000006cdb80000, 0x000000076d300000)
  object space 101888K, 9% used [0x00000006c7800000,0x00000006c819fa78,0x00000006cdb80000)
 Metaspace       used 25010K, capacity 27136K, committed 27264K, reserved 1073152K
  class space    used 2267K, capacity 2866K, committed 2944K, reserved 1048576K
Event: 8.013 GC heap after
Heap after GC invocations=10 (full 1):
 PSYoungGen      total 408576K, used 9712K [0x000000076d300000, 0x000000078ec00000, 0x00000007c0000000)
  eden space 395264K, 0% used [0x000000076d300000,0x000000076d300000,0x0000000785500000)
  from space 13312K, 72% used [0x0000000785500000,0x0000000785e7c140,0x0000000786200000)
  to   space 13824K, 0% used [0x000000078de80000,0x000000078de80000,0x000000078ec00000)
 ParOldGen       total 101888K, used 9862K [0x00000006c7800000, 0x00000006cdb80000, 0x000000076d300000)
  object space 101888K, 9% used [0x00000006c7800000,0x00000006c81a1a78,0x00000006cdb80000)
 Metaspace       used 25010K, capacity 27136K, committed 27264K, reserved 1073152K
  class space    used 2267K, capacity 2866K, committed 2944K, reserved 1048576K
}
Event: 8.677 GC heap before
{Heap before GC invocations=11 (full 1):
 PSYoungGen      total 408576K, used 404976K [0x000000076d300000, 0x000000078ec00000, 0x00000007c0000000)
  eden space 395264K, 100% used [0x000000076d300000,0x0000000785500000,0x0000000785500000)
  from space 13312K, 72% used [0x0000000785500000,0x0000000785e7c140,0x0000000786200000)
  to   space 13824K, 0% used [0x000000078de80000,0x000000078de80000,0x000000078ec00000)
 ParOldGen       total 101888K, used 9862K [0x00000006c7800000, 0x00000006cdb80000, 0x000000076d300000)
  object space 101888K, 9% used [0x00000006c7800000,0x00000006c81a1a78,0x00000006cdb80000)
 Metaspace       used 25014K, capacity 27136K, committed 27264K, reserved 1073152K
  class space    used 2267K, capacity 2866K, committed 2944K, reserved 1048576K
Event: 8.683 GC heap after
Heap after GC invocations=11 (full 1):
 PSYoungGen      total 534016K, used 1408K [0x000000076d300000, 0x000000078eb00000, 0x00000007c0000000)
  eden space 521216K, 0% used [0x000000076d300000,0x000000076d300000,0x000000078d000000)
  from space 12800K, 11% used [0x000000078de80000,0x000000078dfe0000,0x000000078eb00000)
  to   space 13824K, 0% used [0x000000078d000000,0x000000078d000000,0x000000078dd80000)
 ParOldGen       total 101888K, used 18890K [0x00000006c7800000, 0x00000006cdb80000, 0x000000076d300000)
  object space 101888K, 18% used [0x00000006c7800000,0x00000006c8a72ab8,0x00000006cdb80000)
 Metaspace       used 25014K, capacity 27136K, committed 27264K, reserved 1073152K
  class space    used 2267K, capacity 2866K, committed 2944K, reserved 1048576K
}
Event: 9.574 GC heap before
{Heap before GC invocations=12 (full 1):
 PSYoungGen      total 534016K, used 522624K [0x000000076d300000, 0x000000078eb00000, 0x00000007c0000000)
  eden space 521216K, 100% used [0x000000076d300000,0x000000078d000000,0x000000078d000000)
  from space 12800K, 11% used [0x000000078de80000,0x000000078dfe0000,0x000000078eb00000)
  to   space 13824K, 0% used [0x000000078d000000,0x000000078d000000,0x000000078dd80000)
 ParOldGen       total 101888K, used 18890K [0x00000006c7800000, 0x00000006cdb80000, 0x000000076d300000)
  object space 101888K, 18% used [0x00000006c7800000,0x00000006c8a72ab8,0x00000006cdb80000)
 Metaspace       used 25014K, capacity 27136K, committed 27264K, reserved 1073152K
  class space    used 2267K, capacity 2866K, committed 2944K, reserved 1048576K

